C51 COMPILER V9.60.7.0   ENGINE                                                            01/29/2026 16:51:31 PAGE 1   


C51 COMPILER V9.60.7.0, COMPILATION OF MODULE ENGINE
OBJECT MODULE PLACED IN .\Release\Objects\engine.obj
COMPILER INVOKED BY: C:\Keil_v5\C51\BIN\C51.EXE ..\..\User\engine.c LARGE OPTIMIZE(9,SPEED) BROWSE INTVECTOR(0X000C) INC
                    -DIR(..\..\Libraries\Include;..\..\User) INTERVAL(3) DEBUG OBJECTEXTEND PRINT(.\Release\Listings\engine.lst) OBJECT(.\Rel
                    -ease\Objects\engine.obj)

line level    source

   1          #include "my_config.h"
   2          #include "engine.h"
   3          
   4          /*
   5              æ»¤æ³¢ã€åˆ¤æ–­ç”µå‹æ˜¯å¦æœ‰è·³åŠ¨ï¼Œä¸€æ®µæ—¶é—´å†…ç”µå‹æµ®åŠ¨è¿‡å¤§ï¼Œ
   6              æ‰€ä½¿ç”¨åˆ°çš„è¿™äº›å˜é‡
   7          */
   8          #define FILTER_BUFF_SIZE 32
   9          #define FILTER_BUFF_2_SIZE 270 // 270 -- å¯¹åº” 5.83ms æ‰§è¡Œä¸€æ¬¡çš„å‡½æ•° according_pin9_to_adjust_pwmï
             -¼Œæ—¶é—´è¶ŠçŸ­ï¼Œæ•°ç»„éœ€è¦åŠ å¤§
  10          // #define FILTER_BUFF_2_SIZE 540 // 540 -- å¯¹åº” 2.93ms æ‰§è¡Œä¸€æ¬¡çš„å‡½æ•° according_pin9_to_adjust_p
             -wmï¼Œæ—¶é—´è¶ŠçŸ­ï¼Œæ•°ç»„éœ€è¦åŠ å¤§
  11          static volatile u16 t_count = 0;
  12          static volatile u16 t_adc_max = 0;    // å­˜æ”¾ä¸€æ®µæ—¶é—´å†…é‡‡é›†åˆ°çš„æœ€å¤§adå€¼
  13          static volatile u16 t_adc_min = 4096; // å­˜æ”¾ä¸€æ®µæ—¶é—´å†…é‡‡é›†åˆ°çš„æœ€å°adå€¼
  14          static volatile u8 over_drive_status = 0;
  15          #define OVER_DRIVE_RESTART_TIME (30)
  16          
  17          static volatile u16 filter_buff[FILTER_BUFF_SIZE] = {
  18              0xFFFF,
  19          };
  20          
  21          // static volatile u16 filter_buff_2[270] = {0}; // ç”¨äºæ»¤æ³¢çš„æ•°ç»„ (å¯¹åº” 5.83ms æ‰§è¡Œä¸€æ¬¡çš„å‡
             -½æ•° according_pin9_to_adjust_pwm )
  22          // static volatile u16 filter_buff_2[25] = {0}; // ç”¨äºæ»¤æ³¢çš„æ•°ç»„
  23          static volatile u16 filter_buff_2[FILTER_BUFF_2_SIZE]; // ç”¨äºæ»¤æ³¢çš„æ•°ç»„
  24          static volatile u16 filter_buff_2_index;               // ç”¨äºè®°å½•æ»¤æ³¢çš„æ•°ç»„ä¸‹æ ‡
  25          
  26          volatile bit flag_is_time_to_check_engine; // æ ‡å¿—ä½ï¼Œæ˜¯å¦åˆ°æ—¶é—´å»è°ƒç”¨æ£€æµ‹å‘åŠ¨æœºåŠŸç‡çš„
             -å‡½æ•°
  27          
  28          /*
  29              ç”µæºç”µå‹ä½äº170V-AC,å¯åŠ¨ä½å‹ä¿æŠ¤ï¼Œç”µæºç”µå‹é«˜äº170V-ACï¼Œå…³é—­ä½å‹ä¿æŠ¤
  30              æ¸©åº¦æ­£å¸¸ï¼Œæ‰ä¼šè¿›å…¥åˆ°è¿™é‡Œ
  31              æ³¨æ„ï¼Œæ¯æ¬¡è°ƒç”¨åˆ°è¯¥å‡½æ•°ï¼Œåº”è¯¥åœ¨5.75mså·¦å³ï¼Œæ£€æµ‹å‘åŠ¨æœºåŠŸç‡ä¸ç¨³å®šçš„åŸç†æ˜¯
             -æ£€æµ‹é¢‘ç‡ï¼Œ
  32              å¦‚æœä¸åœ¨5.75msé™„è¿‘ï¼Œå¯èƒ½ä¼šå¯¼è‡´æ£€æµ‹ä¸å‡†ç¡®ï¼Œæ£€æµ‹ä¸åˆ°å‘åŠ¨æœºåŠŸç‡ä¸ç¨³å®š
  33          */
  34          void according_pin9_to_adjust_pwm(void)
  35          {
  36   1          static volatile u8 filter_buff_index = 0;
  37   1          static volatile u8 flag_is_sub_power = 0;  // æ ‡å¿—ä½ï¼Œæ˜¯å¦è¦è¿ç»­å‡åŠŸç‡ï¼ˆçŠ¶æ€æœºï¼‰
  38   1          static volatile u8 flag_is_sub_power2 = 0; // æ ‡å¿—ä½ï¼Œæ˜¯å¦è¦è¿ç»­å‡åŠŸç‡
  39   1          static volatile bit flag_is_add_power = 0; // æ ‡å¿—ä½ï¼Œæ˜¯å¦è¦è¿ç»­å¢åŠŸç‡
  40   1      
  41   1          volatile u32 adc_pin_9_avg = 0;             // å­˜æ”¾å¹³å‡å€¼
  42   1          volatile u16 adc_val = adc_val_from_engine; // adc_val_from_engine ç”±adcä¸­æ–­æ›´æ–°
  43   1      
  44   1          if (filter_buff[0] == 0xFFFF) // å¦‚æœæ˜¯ç¬¬ä¸€æ¬¡æ£€æµ‹ï¼Œè®©æ•°ç»„å†…æ‰€æœ‰å…ƒç´ éƒ½å˜ä¸ºç¬¬ä¸€æ¬¡
             -é‡‡é›†çš„æ•°æ®ï¼Œæ–¹ä¾¿å¿«é€Ÿä½œå‡ºå˜åŒ–
  45   1          {
  46   2              u16 i = 0;
  47   2              for (; i < ARRAY_SIZE(filter_buff); i++)
C51 COMPILER V9.60.7.0   ENGINE                                                            01/29/2026 16:51:31 PAGE 2   

  48   2              {
  49   3                  filter_buff[i] = adc_val;
  50   3              }
  51   2      
  52   2              for (i = 0; i < ARRAY_SIZE(filter_buff_2); i++)
  53   2              {
  54   3                  filter_buff_2[i] = adc_val;
  55   3              }
  56   2          }
  57   1          else
  58   1          {
  59   2              u16 temp = filter_buff[filter_buff_index];
  60   2              temp += adc_val;
  61   2              temp >>= 1;
  62   2              filter_buff[filter_buff_index] = temp;
  63   2              filter_buff_index++;
  64   2              if (filter_buff_index >= ARRAY_SIZE(filter_buff))
  65   2              {
  66   3                  filter_buff_index = 0;
  67   3              }
  68   2          }
  69   1      
  70   1          { // å–å‡ºæ•°ç»„å†…çš„æ•°æ®ï¼Œè®¡ç®—å¹³å‡å€¼
  71   2              u16 i = 0;
  72   2              for (; i < ARRAY_SIZE(filter_buff); i++)
  73   2              {
  74   3                  adc_pin_9_avg += filter_buff[i];
  75   3              }
  76   2      
  77   2              // adc_pin_9_avg /= ARRAY_SIZE(filter_buff);
  78   2              adc_pin_9_avg >>= 5; // ç›¸å½“äº /= 32
  79   2          } // å–å‡ºæ•°ç»„å†…çš„æ•°æ®ï¼Œè®¡ç®—å¹³å‡å€¼
  80   1      
  81   1          // åœ¨å‰é¢æ»¤æ³¢çš„åŸºç¡€ä¸Šå†è¿›è¡Œä¸€æ¬¡æ»¤æ³¢
  82   1          filter_buff_2[filter_buff_2_index] = adc_pin_9_avg;
  83   1          filter_buff_2_index++;
  84   1          if (filter_buff_2_index >= ARRAY_SIZE(filter_buff_2))
  85   1          {
  86   2              filter_buff_2_index = 0;
  87   2          }
  88   1      
  89   1          {
  90   2              u16 i = 0;
  91   2              t_adc_max = 0;
  92   2              t_adc_min = 4096;
  93   2              for (; i < ARRAY_SIZE(filter_buff_2); i++)
  94   2              {
  95   3                  if (filter_buff_2[i] > t_adc_max)
  96   3                  {
  97   4                      t_adc_max = filter_buff_2[i];
  98   4                  }
  99   3                  if (filter_buff_2[i] < t_adc_min)
 100   3                  {
 101   4                      t_adc_min = filter_buff_2[i];
 102   4                  }
 103   3                  if ((t_adc_max - t_adc_min) > ADC_OVER_DRIVE_VAL)
 104   3                  { // ç”µå‹æ³¢åŠ¨
 105   4                      over_drive_status = OVER_DRIVE_RESTART_TIME;
 106   4                  }
 107   3                  else
 108   3                  {
 109   4                      if (over_drive_status)
C51 COMPILER V9.60.7.0   ENGINE                                                            01/29/2026 16:51:31 PAGE 3   

 110   4                          over_drive_status--;
 111   4                  }
 112   3              }
 113   2      
 114   2              // MY_DEBUG:
 115   2              // {
 116   2              //     // æ ¹æ®å‘åŠ¨æœºä¸ç¨³å®šé™åŠŸç‡çš„åŠŸèƒ½æ­£å¸¸æ—¶ï¼Œæµ‹å¾—æ˜¯5.83msæ‰§è¡Œä¸€æ¬¡ï¼Œæ¯1
             -00æ¬¡æ‰“å°ä¸€æ¬¡ï¼Œå¹³å‡è€—æ—¶æ˜¯583ms
 117   2              //     // å¦‚æœå¾ªç¯å¤§äº5.83msï¼Œåœ¨å®¢æˆ·é‚£é‡Œæµ‹è¯•å¥½åƒåŠŸèƒ½ä¹Ÿæ­£å¸¸ï¼Œå®¢æˆ·æ²¡æœ‰è¿›ä
             -¸€æ­¥åé¦ˆ
 118   2              //     static u8 cnt = 0;
 119   2              //     cnt++;
 120   2              //     if (cnt >= 100)
 121   2              //     {
 122   2              //         cnt = 0;
 123   2              //         printf("__LINE__ %u\n", __LINE__);
 124   2              //     }
 125   2              // }
 126   2          }
 127   1      
 128   1          if (adc_pin_9_avg >= (ADC_VAL_170VAC + ADC_DEAD_ZONE_NEAR_170VAC) ||
 129   1              (flag_is_add_power && adc_pin_9_avg > (ADC_VAL_170VAC + ADC_DEAD_ZONE_NEAR_170VAC))) // å¤§äº 170
             -VAC
 130   1          {
 131   2              // å¤§äº170VACï¼Œæ¢å¤100%å ç©ºæ¯”ï¼Œä½†æ˜¯ä¼˜å…ˆçº§æ¯” "9è„šç”µå‹æ£€æµ‹åˆ°å‘é€æœºåŠŸç‡ä¸ç
             -¨³å®šï¼Œè¿›è€Œé™åŠŸç‡" ä½
 132   2              flag_is_sub_power = 0;
 133   2              flag_is_sub_power2 = 0;
 134   2              flag_is_add_power = 1;
 135   2      
 136   2              if (over_drive_status == OVER_DRIVE_RESTART_TIME) // 9è„šç”µå‹è¶…è¿‡ä¸ç¨³å®šé˜ˆå€¼å¯¹åº”çš„ç”µå
             -‹
 137   2              {
 138   3                  over_drive_status -= 1;
 139   3                  if (limited_pwm_duty_due_to_unstable_engine > PWM_DUTY_50_PERCENT)
 140   3                  {
 141   4                      limited_pwm_duty_due_to_unstable_engine -= 1;
 142   4                  }
 143   3      
 144   3                  if (limited_pwm_duty_due_to_unstable_engine < PWM_DUTY_50_PERCENT)
 145   3                  {
 146   4                      limited_pwm_duty_due_to_unstable_engine = PWM_DUTY_50_PERCENT;
 147   4                  }
 148   3              }
 149   2              else if (over_drive_status == 0)
 150   2              {
 151   3                  // æœªæ»¡è½½ pwm++
 152   3                  if (flag_is_pwm_add_time_comes) // pwmå ç©ºæ¯”é€’å¢æ—¶é—´åˆ°æ¥
 153   3                  {
 154   4                      flag_is_pwm_add_time_comes = 0;
 155   4                      if (limited_pwm_duty_due_to_unstable_engine < PWM_DUTY_100_PERCENT)
 156   4                      {
 157   5                          limited_pwm_duty_due_to_unstable_engine++;
 158   5                      }
 159   4                  }
 160   3              }
 161   2          }
 162   1          else if (adc_pin_9_avg > (ADC_VAL_LOWER_THAN_170VAC) &&
 163   1                   (adc_pin_9_avg <= (ADC_VAL_170VAC) || flag_is_sub_power == 4)) // å°äº 170VAC
 164   1          {
 165   2              // é”å®šæœ€å¤§çš„å ç©ºæ¯”ä¸º50%ï¼Œå¹¶ä¸”ç»™ç›¸åº”æ ‡å¿—ä½ç½®ä¸€
 166   2              if (flag_is_pwm_sub_time_comes) // pwmå ç©ºæ¯”é€’å‡æ—¶é—´åˆ°æ¥
C51 COMPILER V9.60.7.0   ENGINE                                                            01/29/2026 16:51:31 PAGE 4   

 167   2              {
 168   3                  flag_is_pwm_sub_time_comes = 0;
 169   3      
 170   3                  if (flag_is_sub_power < 4)
 171   3                  {
 172   4                      flag_is_sub_power++;
 173   4                  }
 174   3      
 175   3                  flag_is_sub_power2 = 0;
 176   3                  flag_is_add_power = 0;
 177   3      
 178   3                  if (limited_pwm_duty_due_to_unstable_engine > PWM_DUTY_50_PERCENT)
 179   3                  {
 180   4                      limited_pwm_duty_due_to_unstable_engine -= 2;
 181   4      
 182   4                      // flag_is_engine_unstable = 1;
 183   4                  }
 184   3                  else if (limited_pwm_duty_due_to_unstable_engine < PWM_DUTY_50_PERCENT)
 185   3                  {
 186   4                      limited_pwm_duty_due_to_unstable_engine++;
 187   4                  }
 188   3                  else
 189   3                  {
 190   4                      limited_pwm_duty_due_to_unstable_engine = PWM_DUTY_50_PERCENT;
 191   4                  }
 192   3              }
 193   2          }
 194   1          else if (adc_pin_9_avg <= (ADC_VAL_LOWER_THAN_170VAC) || (flag_is_sub_power2)) // å°äº 170VAC
 195   1          {
 196   2              // é”å®šæœ€å¤§çš„å ç©ºæ¯”ä¸º50%ï¼Œå¹¶ä¸”ç»™ç›¸åº”æ ‡å¿—ä½ç½®ä¸€
 197   2              if (flag_is_pwm_sub_time_comes) // pwmå ç©ºæ¯”é€’å‡æ—¶é—´åˆ°æ¥
 198   2              {
 199   3                  flag_is_pwm_sub_time_comes = 0;
 200   3      
 201   3                  flag_is_sub_power2 = 1;
 202   3                  flag_is_sub_power = 0;
 203   3                  flag_is_add_power = 0;
 204   3      
 205   3                  if (limited_pwm_duty_due_to_unstable_engine > PWM_DUTY_30_PERCENT)
 206   3                  {
 207   4                      limited_pwm_duty_due_to_unstable_engine -= 2;
 208   4                  }
 209   3                  else
 210   3                  {
 211   4                      limited_pwm_duty_due_to_unstable_engine = PWM_DUTY_30_PERCENT;
 212   4                  }
 213   3              }
 214   2          }
 215   1      }


MODULE INFORMATION:   STATIC OVERLAYABLE
   CODE SIZE        =    928    ----
   CONSTANT SIZE    =   ----    ----
   XDATA SIZE       =    616       8
   PDATA SIZE       =   ----    ----
   DATA SIZE        =   ----    ----
   IDATA SIZE       =   ----    ----
   BIT SIZE         =      2    ----
END OF MODULE INFORMATION.


C51 COMPILATION COMPLETE.  0 WARNING(S),  0 ERROR(S)
