C51 COMPILER V9.60.7.0   MAIN                                                              01/29/2026 16:51:30 PAGE 1   


C51 COMPILER V9.60.7.0, COMPILATION OF MODULE MAIN
OBJECT MODULE PLACED IN .\Release\Objects\main.obj
COMPILER INVOKED BY: C:\Keil_v5\C51\BIN\C51.EXE ..\..\User\main.c LARGE OPTIMIZE(9,SPEED) BROWSE INTVECTOR(0X000C) INCDI
                    -R(..\..\Libraries\Include;..\..\User) INTERVAL(3) DEBUG OBJECTEXTEND PRINT(.\Release\Listings\main.lst) OBJECT(.\Release
                    -\Objects\main.obj)

line level    source

   1          /**
   2           ******************************************************************************
   3           * @file    main.c
   4           * @author  HUGE-IC Application Team
   5           * @version V1.0.0
   6           * @date    02-09-2022
   7           * @brief   Main program body
   8           ******************************************************************************
   9           * @attention
  10           *
  11           * <h2><center>&copy; COPYRIGHT 2021 HUGE-IC</center></h2>
  12           *
  13           * 版权说明后续补上
  14           *
  15           ******************************************************************************
  16           */
  17          
  18          /* Includes ------------------------------------------------------------------*/
  19          #include "my_config.h"
  20          #include "include.h"
  21          
  22          #include <stdio.h>
  23          #include "power_on.h"
  24          
  25          #if USE_MY_DEBUG // 打印串口配置
              
              #define UART0_BAUD 115200
              #define USER_UART0_BAUD ((SYSCLK - UART0_BAUD) / (UART0_BAUD))
              // 重写puchar()函数
              char putchar(char c)
              {
                  while (!(UART0_STA & UART_TX_DONE(0x01)))
                      ;
                  UART0_DATA = c;
                  return c;
              }
              
              void my_debug_config(void)
              {
                  // 作为发送引脚
                  // P1_MD0 &= (GPIO_P13_MODE_SEL(0x3));
                  // P1_MD0 |= GPIO_P13_MODE_SEL(0x1);            // 配置为输出模式
                  // FOUT_S13 |= GPIO_FOUT_UART0_TX;              // 配置为UART0_TX
                  // UART0_BAUD1 = (USER_UART0_BAUD >> 8) & 0xFF; // 配置波特率高八位
                  // UART0_BAUD0 = USER_UART0_BAUD & 0xFF;        // 配置波特率低八位
                  // UART0_CON0 = UART_STOP_BIT(0x0) |
                  //              UART_EN(0x1); // 8bit数据，1bit停止位
              
                  P0_MD0 &= ~(GPIO_P00_MODE_SEL(0x3));
                  P0_MD0 |= GPIO_P00_MODE_SEL(0x1);            // 配置为输出模式
                  FOUT_S00 |= GPIO_FOUT_UART0_TX;              // 配置为UART0_TX
                  UART0_BAUD1 = (USER_UART0_BAUD >> 8) & 0xFF; // 配置波特率高八位
                  UART0_BAUD0 = USER_UART0_BAUD & 0xFF;        // 配置波特率低八位
C51 COMPILER V9.60.7.0   MAIN                                                              01/29/2026 16:51:30 PAGE 2   

                  UART0_CON0 = UART_STOP_BIT(0x0) |
                               UART_EN(0x1); // 8bit数据，1bit停止位
              }
              #endif // USE_MY_DEBUG // 打印串口配置
  58          
  59          void main(void)
  60          {
  61   1          // 看门狗默认打开, 复位时间2s
  62   1          WDT_KEY = WDT_KEY_VAL(0xDD); //  关闭看门狗 (如需配置看门狗请查看“WDT\WDT_Reset”示
             -例)
  63   1      
  64   1          system_init();
  65   1      
  66   1          // 关闭HCK和HDA的调试功能
  67   1          WDT_KEY = 0x55;  // 解除写保护
  68   1          IO_MAP &= ~0x01; // 清除这个寄存器的值，实现关闭HCK和HDA引脚的调试功能（解除
             -射）
  69   1          WDT_KEY = 0xBB;  // 写一个无效的数据，触发写保护
  70   1      
  71   1      #if USE_MY_DEBUG // 打印串口配置
                  // 初始化打印
              
                  my_debug_config();
                  printf("sys reset\n");
              
                  // // P06 配置为输出模式
                  // P0_MD1 &= ~(0x03 << 4);
                  // P0_MD1 |= 0x01 << 4;
                  // FOUT_S06 = GPIO_FOUT_AF_FUNC;
                  // P06 = 0;
              
                  // // P21 配置为输出模式
                  // P2_MD0 &= ~(0x03 << 2);
                  // P2_MD0 |= 0x01 << 2; // 输出模式
                  // FOUT_S21 = GPIO_FOUT_AF_FUNC;
                  // P21 = 0;
              
                  // 输出模式：
                  // P1_MD0 &= (GPIO_P13_MODE_SEL(0x3));
                  // P1_MD0 |= GPIO_P13_MODE_SEL(0x1); // 配置为输出模式
                  // FOUT_S13 = GPIO_FOUT_AF_FUNC;     // 选择AF功能输出
              
                  P2_MD1 &= ~(GPIO_P26_MODE_SEL(0x3));
                  P2_MD1 |= GPIO_P26_MODE_SEL(0x01); // 输出模式
                  FOUT_S26 = GPIO_FOUT_AF_FUNC;
              #endif // 打印串口配置
  98   1      
  99   1      #if 1
 100   1          adc_pin_config(); // 配置使用到adc的引脚
 101   1          adc_config();
 102   1      
 103   1          tmr0_config(); //
 104   1          pwm_init();    // 配置pwm输出的引脚
 105   1          tmr1_config();
 106   1      
 107   1          timer2_config();
 108   1          timer3_config(); // 要等adc完成初始化，再调用timer3的初始化
 109   1      
 110   1          rf_recv_init(); // rf功能初始化
 111   1          fan_ctl_config();
 112   1      
 113   1          P1_MD1 &= ~GPIO_P14_MODE_SEL(0x03); // P14 16脚
C51 COMPILER V9.60.7.0   MAIN                                                              01/29/2026 16:51:30 PAGE 3   

 114   1          P1_MD1 |= GPIO_P14_MODE_SEL(0x01);
 115   1          FOUT_S14 = GPIO_FOUT_AF_FUNC; // AF功能输出
 116   1          P14 = 0;                      //
 117   1      #endif
 118   1      
 119   1          // limited_max_pwm_duty = MAX_PWM_DUTY;
 120   1          limited_pwm_duty_due_to_fan_err = MAX_PWM_DUTY;
 121   1          limited_pwm_duty_due_to_temp = MAX_PWM_DUTY;
 122   1          limited_pwm_duty_due_to_unstable_engine = MAX_PWM_DUTY;
 123   1      
 124   1          pwm_mode = PWM_MODE_COLOR_CYAN; // 开机缓启动之后，默认的模式
 125   1          power_on_handle();
 126   1      
 127   1          while (1)
 128   1          {
 129   2      #if 1
 130   2              temperature_scan(); // 检测热敏电阻一端的电压值
 131   2              fan_scan();         // 检测风扇的状态是否异常，并根据结果来限制pwm占空比
 132   2              set_duty();         // 设定到要调节到的脉宽 (设置adjust_duty)
 133   2      
 134   2              key_driver_scan(&rf_key_para);
 135   2              rf_key_handle();
 136   2      
 137   2              // 如果 expect_adjust_pwm_channel_x_duty 有变化，可以在这里修改 adjust_pwm_channel_x_
             -duty
 138   2              adjust_pwm_channel_0_duty = get_pwm_channel_x_adjust_duty(expect_adjust_pwm_channel_0_duty);
 139   2              adjust_pwm_channel_1_duty = get_pwm_channel_x_adjust_duty(expect_adjust_pwm_channel_1_duty);
 140   2      
 141   2              // 风扇控制：
 142   2              // fan_ctl(); // 没有了线控调光，这里目前用不上，没有关灯的功能
 143   2      #endif
 144   2          }
 145   1      }
 146          
 147          /**
 148           * @}
 149           */
 150          
 151          /*************************** (C) COPYRIGHT 2022 HUGE-IC ***** END OF FILE *****/


MODULE INFORMATION:   STATIC OVERLAYABLE
   CODE SIZE        =    159    ----
   CONSTANT SIZE    =   ----    ----
   XDATA SIZE       =   ----    ----
   PDATA SIZE       =   ----    ----
   DATA SIZE        =   ----    ----
   IDATA SIZE       =   ----    ----
   BIT SIZE         =   ----    ----
END OF MODULE INFORMATION.


C51 COMPILATION COMPLETE.  0 WARNING(S),  0 ERROR(S)
